<?xml version="1.0" encoding="UTF-8" ?>
<testsuite tests="3" failures="0" name="io.seventytwo.vaadinjooq.JooqUtilTest" time="0.597" errors="0" skipped="0">
  <properties>
    <property name="java.runtime.name" value="OpenJDK Runtime Environment"/>
    <property name="java.vm.version" value="11.0.1+13-LTS"/>
    <property name="sun.boot.library.path" value="C:\Program Files\Zulu\zulu-11\bin"/>
    <property name="user.country.format" value="CH"/>
    <property name="maven.multiModuleProjectDirectory" value="C:\Users\simon\Workspace\vaadin\vaadin-jooq"/>
    <property name="java.vm.vendor" value="Azul Systems, Inc."/>
    <property name="java.vendor.url" value="http://www.azulsystems.com/"/>
    <property name="guice.disable.misplaced.annotation.check" value="true"/>
    <property name="path.separator" value=";"/>
    <property name="java.vm.name" value="OpenJDK 64-Bit Server VM"/>
    <property name="sun.os.patch.level" value=""/>
    <property name="user.script" value=""/>
    <property name="user.country" value="US"/>
    <property name="sun.java.launcher" value="SUN_STANDARD"/>
    <property name="java.vm.specification.name" value="Java Virtual Machine Specification"/>
    <property name="user.dir" value="C:\Users\simon\Workspace\vaadin\vaadin-jooq"/>
    <property name="java.vm.compressedOopsMode" value="Zero based"/>
    <property name="java.runtime.version" value="11.0.1+13-LTS"/>
    <property name="java.awt.graphicsenv" value="sun.awt.Win32GraphicsEnvironment"/>
    <property name="os.arch" value="amd64"/>
    <property name="java.io.tmpdir" value="C:\Users\simon\AppData\Local\Temp\"/>
    <property name="line.separator" value="
"/>
    <property name="java.vm.specification.vendor" value="Oracle Corporation"/>
    <property name="user.variant" value=""/>
    <property name="os.name" value="Windows 10"/>
    <property name="classworlds.conf" value="C:\Users\simon\AppData\Local\JetBrains\Toolbox\apps\IDEA-U\ch-0\191.7141.44\plugins\maven\lib\maven3\bin\m2.conf"/>
    <property name="sun.jnu.encoding" value="Cp1252"/>
    <property name="java.library.path" value="C:\Program Files\Zulu\zulu-11\bin;C:\WINDOWS\Sun\Java\bin;C:\WINDOWS\system32;C:\WINDOWS;C:\Program Files\Zulu\zulu-11\bin\;C:\Program Files (x86)\Intel\Intel(R) Management Engine Components\iCLS\;C:\Program Files\Intel\Intel(R) Management Engine Components\iCLS\;C:\WINDOWS\system32;C:\WINDOWS;C:\WINDOWS\System32\Wbem;C:\WINDOWS\System32\WindowsPowerShell\v1.0\;C:\apps\PostgreSQL\pg10\bin;C:\WINDOWS\System32\OpenSSH\;C:\Program Files\Zulu\zulu-10\bin\;C:\apps\Go\bin;C:\Program Files (x86)\Intel\Intel(R) Management Engine Components\DAL;C:\Program Files\Intel\Intel(R) Management Engine Components\DAL;C:\Program Files\nodejs\;C:\apps\Cloud Foundry;C:\Program Files\Git\cmd;C:\Program Files\TortoiseSVN\bin;C:\Program Files\TortoiseGit\bin;C:\Program Files\Intel\WiFi\bin\;C:\Program Files\Common Files\Intel\WirelessCommon\;C:\apps\Ruby25-x64\bin;C:\Users\simon\AppData\Local\Microsoft\WindowsApps;C:\apps\apache-maven-3.5.3\bin;c:\apps\protoc-3.6.0\bin;c:\Users\simon\AppData\Local\Android\Sdk\platform-tools;C:\Program Files\Intel\WiFi\bin\;C:\Program Files\Common Files\Intel\WirelessCommon\;C:\Users\simon\go\bin;C:\Users\simon\AppData\Local\Programs\Microsoft VS Code\bin;C:\Users\simon\AppData\Roaming\npm;c:\apps\sqlite3;C:\Users\simon\AppData\Roaming\Dashlane\6.1907.0.17833\bin\Firefox_Extension\{442718d9-475e-452a-b3e1-fb1ee16b8e9f}\components;C:\Users\simon\AppData\Roaming\Dashlane\6.1907.0.17833\ucrt;C:\Users\simon\AppData\Roaming\Dashlane\6.1907.0.17833\bin\Qt;C:\Users\simon\AppData\Roaming\Dashlane\6.1907.0.17833\bin\Ssl;c:\Program Files\Zulu\zulu-11\bin;;."/>
    <property name="jdk.debug" value="release"/>
    <property name="java.class.version" value="55.0"/>
    <property name="java.specification.name" value="Java Platform API Specification"/>
    <property name="sun.management.compiler" value="HotSpot 64-Bit Tiered Compilers"/>
    <property name="os.version" value="10.0"/>
    <property name="user.home" value="C:\Users\simon"/>
    <property name="user.timezone" value="Europe/Berlin"/>
    <property name="java.awt.printerjob" value="sun.awt.windows.WPrinterJob"/>
    <property name="file.encoding" value="windows-1252"/>
    <property name="java.specification.version" value="11"/>
    <property name="user.name" value="simon"/>
    <property name="java.class.path" value="C:\Users\simon\AppData\Local\JetBrains\Toolbox\apps\IDEA-U\ch-0\191.7141.44\plugins\maven\lib\maven3\boot\plexus-classworlds-2.5.2.jar"/>
    <property name="java.vm.specification.version" value="11"/>
    <property name="sun.arch.data.model" value="64"/>
    <property name="sun.java.command" value="org.codehaus.classworlds.Launcher -Didea.version2019.1.2 install"/>
    <property name="java.home" value="C:\Program Files\Zulu\zulu-11"/>
    <property name="user.language" value="en"/>
    <property name="java.specification.vendor" value="Oracle Corporation"/>
    <property name="user.language.format" value="de"/>
    <property name="awt.toolkit" value="sun.awt.windows.WToolkit"/>
    <property name="java.vm.info" value="mixed mode"/>
    <property name="idea.version2019.1.2" value="true"/>
    <property name="java.version" value="11.0.1"/>
    <property name="java.vendor" value="Azul Systems, Inc."/>
    <property name="maven.home" value="C:\Users\simon\AppData\Local\JetBrains\Toolbox\apps\IDEA-U\ch-0\191.7141.44\plugins\maven\lib\maven3"/>
    <property name="file.separator" value="\"/>
    <property name="java.version.date" value="2018-10-16"/>
    <property name="java.vendor.url.bug" value="http://www.azulsystems.com/support/"/>
    <property name="sun.io.unicode.encoding" value="UnicodeLittle"/>
    <property name="sun.cpu.endian" value="little"/>
    <property name="java.vendor.version" value="Zulu11.2+3"/>
    <property name="sun.desktop" value="windows"/>
    <property name="sun.cpu.isalist" value="amd64"/>
  </properties>
  <testcase classname="io.seventytwo.vaadinjooq.JooqUtilTest" name="getPropertyName" time="0.335"/>
  <testcase classname="io.seventytwo.vaadinjooq.JooqUtilTest" name="createOrderBy" time="0.262"/>
  <testcase classname="io.seventytwo.vaadinjooq.JooqUtilTest" name="getField" time="0"/>
</testsuite>